
> react-app@0.1.0 start
> react-scripts start

sh: 1: react-scripts: Permission denied

> react-app@0.1.0 start
> react-scripts start

sh: 1: react-scripts: Permission denied
Unknown command: "stgart"

Did you mean one of these?
    npm star # Mark your favorite packages
    npm stars # View packages marked as favorites
    npm start # Start a package

To see a list of supported npm commands, run:
  npm help

> react-app@0.1.0 start
> react-scripts start

[34mℹ[39m [90m｢wds｣[39m: Project is running at http://172.31.14.135/
[34mℹ[39m [90m｢wds｣[39m: webpack output is served from 
[34mℹ[39m [90m｢wds｣[39m: Content not from webpack is served from /var/www/html/gaokakao/public
[34mℹ[39m [90m｢wds｣[39m: 404s will fallback to /
Starting the development server...

Compiled with warnings.

src/components/Counter.jsx
  Line 26:17:  img elements must have an alt prop, either with meaningful text, or an empty string for decorative images  jsx-a11y/alt-text

Search for the keywords to learn more about each warning.
To ignore, add // eslint-disable-next-line to the line before.

Compiling...
Compiled with warnings.

src/components/Counter.jsx
  Line 26:17:  img elements must have an alt prop, either with meaningful text, or an empty string for decorative images  jsx-a11y/alt-text

Search for the keywords to learn more about each warning.
To ignore, add // eslint-disable-next-line to the line before.

Compiling...
Compiled with warnings.

src/components/Counter.jsx
  Line 31:17:  img elements must have an alt prop, either with meaningful text, or an empty string for decorative images  jsx-a11y/alt-text

Search for the keywords to learn more about each warning.
To ignore, add // eslint-disable-next-line to the line before.

Compiling...
Compiled with warnings.

src/components/Counter.jsx
  Line 31:17:  img elements must have an alt prop, either with meaningful text, or an empty string for decorative images  jsx-a11y/alt-text

Search for the keywords to learn more about each warning.
To ignore, add // eslint-disable-next-line to the line before.

Compiling...
Compiled with warnings.

src/components/Counter.jsx
  Line 31:17:  img elements must have an alt prop, either with meaningful text, or an empty string for decorative images  jsx-a11y/alt-text

Search for the keywords to learn more about each warning.
To ignore, add // eslint-disable-next-line to the line before.

Compiling...
Compiled with warnings.

src/components/Counter.jsx
  Line 32:17:  img elements must have an alt prop, either with meaningful text, or an empty string for decorative images  jsx-a11y/alt-text

Search for the keywords to learn more about each warning.
To ignore, add // eslint-disable-next-line to the line before.

Compiling...
Compiled with warnings.

src/components/Counter.jsx
  Line 32:17:  img elements must have an alt prop, either with meaningful text, or an empty string for decorative images  jsx-a11y/alt-text

Search for the keywords to learn more about each warning.
To ignore, add // eslint-disable-next-line to the line before.

Compiling...
Failed to compile.

src/components/Counter.jsx
  Line 26:37:  'abc' is not defined  no-undef

Search for the keywords to learn more about each error.
Compiling...
Compiled with warnings.

src/components/Counter.jsx
  Line 32:17:  img elements must have an alt prop, either with meaningful text, or an empty string for decorative images  jsx-a11y/alt-text

Search for the keywords to learn more about each warning.
To ignore, add // eslint-disable-next-line to the line before.

Compiling...
Compiled with warnings.

src/components/Counter.jsx
  Line 32:17:  img elements must have an alt prop, either with meaningful text, or an empty string for decorative images  jsx-a11y/alt-text

Search for the keywords to learn more about each warning.
To ignore, add // eslint-disable-next-line to the line before.

Compiling...
Compiled with warnings.

src/components/Counter.jsx
  Line 32:17:  img elements must have an alt prop, either with meaningful text, or an empty string for decorative images  jsx-a11y/alt-text

Search for the keywords to learn more about each warning.
To ignore, add // eslint-disable-next-line to the line before.

